2021-11-25 09:46:19,276 INFO com.loanApplication.Backend.LoanApplicationSpringBootApplication [restartedMain] Starting LoanApplicationSpringBootApplication using Java 16.0.2 on DESKTOP-Q67PQM3 with PID 11224 (D:\LoanApplication\LoanApplicationSpringBoot\target\classes started by SethuPathy in D:\LoanApplication\LoanApplicationSpringBoot)
2021-11-25 09:46:19,316 INFO com.loanApplication.Backend.LoanApplicationSpringBootApplication [restartedMain] No active profile set, falling back to default profiles: default
2021-11-25 09:46:41,115 INFO org.apache.catalina.core.StandardService [restartedMain] Starting service [Tomcat]
2021-11-25 09:46:41,116 INFO org.apache.catalina.core.StandardEngine [restartedMain] Starting Servlet engine: [Apache Tomcat/9.0.54]
2021-11-25 09:46:42,345 INFO org.apache.catalina.core.ContainerBase.[Tomcat].[localhost].[/] [restartedMain] Initializing Spring embedded WebApplicationContext
2021-11-25 09:46:42,781 INFO com.zaxxer.hikari.HikariDataSource [restartedMain] HikariPool-1 - Starting...
2021-11-25 09:46:46,527 INFO com.zaxxer.hikari.HikariDataSource [restartedMain] HikariPool-1 - Start completed.
2021-11-25 09:46:50,741 INFO org.hibernate.jpa.internal.util.LogHelper [restartedMain] HHH000204: Processing PersistenceUnitInfo [name: default]
2021-11-25 09:46:54,130 INFO org.hibernate.Version [restartedMain] HHH000412: Hibernate ORM core version 5.4.32.Final
2021-11-25 09:47:01,504 INFO org.hibernate.annotations.common.Version [restartedMain] HCANN000001: Hibernate Commons Annotations {5.1.2.Final}
2021-11-25 09:47:05,667 INFO org.hibernate.dialect.Dialect [restartedMain] HHH000400: Using dialect: org.hibernate.dialect.H2Dialect
2021-11-25 09:47:26,899 INFO org.hibernate.engine.transaction.jta.platform.internal.JtaPlatformInitiator [restartedMain] HHH000490: Using JtaPlatform implementation: [org.hibernate.engine.transaction.jta.platform.internal.NoJtaPlatform]
2021-11-25 09:48:05,947 INFO com.loanApplication.Backend.LoanApplicationSpringBootApplication [restartedMain] Started LoanApplicationSpringBootApplication in 115.646 seconds (JVM running for 167.259)
2021-11-25 09:48:14,356 INFO org.hibernate.tool.schema.internal.SchemaDropperImpl$DelayedDropActionImpl [Thread-6] HHH000477: Starting delayed evictData of schema as part of SessionFactory shut-down'
2021-11-25 09:48:15,003 INFO com.zaxxer.hikari.HikariDataSource [Thread-6] HikariPool-1 - Shutdown initiated...
2021-11-25 09:48:15,989 INFO com.zaxxer.hikari.HikariDataSource [Thread-6] HikariPool-1 - Shutdown completed.
2021-11-25 09:48:16,555 INFO com.loanApplication.Backend.LoanApplicationSpringBootApplication [restartedMain] Starting LoanApplicationSpringBootApplication using Java 16.0.2 on DESKTOP-Q67PQM3 with PID 11224 (D:\LoanApplication\LoanApplicationSpringBoot\target\classes started by SethuPathy in D:\LoanApplication\LoanApplicationSpringBoot)
2021-11-25 09:48:16,556 INFO com.loanApplication.Backend.LoanApplicationSpringBootApplication [restartedMain] No active profile set, falling back to default profiles: default
2021-11-25 09:48:18,749 INFO org.apache.catalina.core.StandardService [restartedMain] Starting service [Tomcat]
2021-11-25 09:48:18,752 INFO org.apache.catalina.core.StandardEngine [restartedMain] Starting Servlet engine: [Apache Tomcat/9.0.54]
2021-11-25 09:48:19,026 INFO org.apache.catalina.core.ContainerBase.[Tomcat].[localhost].[/] [restartedMain] Initializing Spring embedded WebApplicationContext
2021-11-25 09:48:19,094 INFO com.zaxxer.hikari.HikariDataSource [restartedMain] HikariPool-2 - Starting...
2021-11-25 09:48:19,101 INFO com.zaxxer.hikari.HikariDataSource [restartedMain] HikariPool-2 - Start completed.
2021-11-25 09:48:19,231 INFO org.hibernate.jpa.internal.util.LogHelper [restartedMain] HHH000204: Processing PersistenceUnitInfo [name: default]
2021-11-25 09:48:19,248 INFO org.hibernate.dialect.Dialect [restartedMain] HHH000400: Using dialect: org.hibernate.dialect.H2Dialect
2021-11-25 09:48:19,607 INFO org.hibernate.engine.transaction.jta.platform.internal.JtaPlatformInitiator [restartedMain] HHH000490: Using JtaPlatform implementation: [org.hibernate.engine.transaction.jta.platform.internal.NoJtaPlatform]
2021-11-25 09:48:20,202 INFO com.loanApplication.Backend.LoanApplicationSpringBootApplication [restartedMain] Started LoanApplicationSpringBootApplication in 3.895 seconds (JVM running for 181.515)
2021-11-25 10:05:59,890 INFO org.apache.catalina.core.ContainerBase.[Tomcat].[localhost].[/] [http-nio-8080-exec-7] Initializing Spring DispatcherServlet 'dispatcherServlet'
2021-11-25 10:17:08,418 INFO com.loanApplication.Backend.Services.LoanApplicationService [http-nio-8080-exec-4] Customer Details
2021-11-25 10:17:37,151 INFO com.loanApplication.Backend.Services.LoanApplicationService [http-nio-8080-exec-10] Loan Applied
2021-11-25 10:20:51,422 INFO org.hibernate.tool.schema.internal.SchemaDropperImpl$DelayedDropActionImpl [Thread-8] HHH000477: Starting delayed evictData of schema as part of SessionFactory shut-down'
2021-11-25 10:20:56,093 INFO com.zaxxer.hikari.HikariDataSource [Thread-8] HikariPool-2 - Shutdown initiated...
2021-11-25 10:20:56,164 INFO com.zaxxer.hikari.HikariDataSource [Thread-8] HikariPool-2 - Shutdown completed.
2021-11-25 10:21:26,194 INFO com.loanApplication.Backend.LoanApplicationSpringBootApplication [restartedMain] Starting LoanApplicationSpringBootApplication using Java 16.0.2 on DESKTOP-Q67PQM3 with PID 11224 (D:\LoanApplication\LoanApplicationSpringBoot\target\classes started by SethuPathy in D:\LoanApplication\LoanApplicationSpringBoot)
2021-11-25 10:21:26,195 INFO com.loanApplication.Backend.LoanApplicationSpringBootApplication [restartedMain] No active profile set, falling back to default profiles: default
2021-11-25 10:21:35,105 INFO org.apache.catalina.core.StandardService [restartedMain] Starting service [Tomcat]
2021-11-25 10:21:35,109 INFO org.apache.catalina.core.StandardEngine [restartedMain] Starting Servlet engine: [Apache Tomcat/9.0.54]
2021-11-25 10:21:35,709 INFO org.apache.catalina.core.ContainerBase.[Tomcat].[localhost].[/] [restartedMain] Initializing Spring embedded WebApplicationContext
2021-11-25 10:21:35,744 INFO com.zaxxer.hikari.HikariDataSource [restartedMain] HikariPool-3 - Starting...
2021-11-25 10:21:35,754 INFO com.zaxxer.hikari.HikariDataSource [restartedMain] HikariPool-3 - Start completed.
2021-11-25 10:21:35,927 INFO org.hibernate.jpa.internal.util.LogHelper [restartedMain] HHH000204: Processing PersistenceUnitInfo [name: default]
2021-11-25 10:21:35,942 INFO org.hibernate.dialect.Dialect [restartedMain] HHH000400: Using dialect: org.hibernate.dialect.H2Dialect
2021-11-25 10:21:36,315 INFO org.hibernate.engine.transaction.jta.platform.internal.JtaPlatformInitiator [restartedMain] HHH000490: Using JtaPlatform implementation: [org.hibernate.engine.transaction.jta.platform.internal.NoJtaPlatform]
2021-11-25 10:21:40,347 INFO com.loanApplication.Backend.LoanApplicationSpringBootApplication [restartedMain] Started LoanApplicationSpringBootApplication in 15.078 seconds (JVM running for 2181.66)
2021-11-25 10:21:40,702 INFO org.hibernate.tool.schema.internal.SchemaDropperImpl$DelayedDropActionImpl [Thread-12] HHH000477: Starting delayed evictData of schema as part of SessionFactory shut-down'
2021-11-25 10:21:40,913 INFO com.zaxxer.hikari.HikariDataSource [Thread-12] HikariPool-3 - Shutdown initiated...
2021-11-25 10:21:40,915 INFO com.zaxxer.hikari.HikariDataSource [Thread-12] HikariPool-3 - Shutdown completed.
2021-11-25 10:21:41,762 INFO com.loanApplication.Backend.LoanApplicationSpringBootApplication [restartedMain] Starting LoanApplicationSpringBootApplication using Java 16.0.2 on DESKTOP-Q67PQM3 with PID 11224 (D:\LoanApplication\LoanApplicationSpringBoot\target\classes started by SethuPathy in D:\LoanApplication\LoanApplicationSpringBoot)
2021-11-25 10:21:41,762 INFO com.loanApplication.Backend.LoanApplicationSpringBootApplication [restartedMain] No active profile set, falling back to default profiles: default
2021-11-25 10:21:44,270 INFO org.apache.catalina.core.StandardService [restartedMain] Starting service [Tomcat]
2021-11-25 10:21:44,271 INFO org.apache.catalina.core.StandardEngine [restartedMain] Starting Servlet engine: [Apache Tomcat/9.0.54]
2021-11-25 10:21:44,382 INFO org.apache.catalina.core.ContainerBase.[Tomcat].[localhost].[/] [restartedMain] Initializing Spring embedded WebApplicationContext
2021-11-25 10:21:44,469 INFO com.zaxxer.hikari.HikariDataSource [restartedMain] HikariPool-4 - Starting...
2021-11-25 10:21:44,484 INFO com.zaxxer.hikari.HikariDataSource [restartedMain] HikariPool-4 - Start completed.
2021-11-25 10:21:44,631 INFO org.hibernate.jpa.internal.util.LogHelper [restartedMain] HHH000204: Processing PersistenceUnitInfo [name: default]
2021-11-25 10:21:44,644 INFO org.hibernate.dialect.Dialect [restartedMain] HHH000400: Using dialect: org.hibernate.dialect.H2Dialect
2021-11-25 10:21:44,939 INFO org.hibernate.engine.transaction.jta.platform.internal.JtaPlatformInitiator [restartedMain] HHH000490: Using JtaPlatform implementation: [org.hibernate.engine.transaction.jta.platform.internal.NoJtaPlatform]
2021-11-25 10:21:46,743 INFO com.loanApplication.Backend.LoanApplicationSpringBootApplication [restartedMain] Started LoanApplicationSpringBootApplication in 5.094 seconds (JVM running for 2188.056)
2021-11-25 10:45:11,895 INFO org.hibernate.tool.schema.internal.SchemaDropperImpl$DelayedDropActionImpl [Thread-16] HHH000477: Starting delayed evictData of schema as part of SessionFactory shut-down'
2021-11-25 10:45:13,645 INFO com.zaxxer.hikari.HikariDataSource [Thread-16] HikariPool-4 - Shutdown initiated...
2021-11-25 10:45:13,862 INFO com.zaxxer.hikari.HikariDataSource [Thread-16] HikariPool-4 - Shutdown completed.
2021-11-25 10:45:28,629 INFO com.loanApplication.Backend.LoanApplicationSpringBootApplication [restartedMain] Starting LoanApplicationSpringBootApplication using Java 16.0.2 on DESKTOP-Q67PQM3 with PID 11224 (D:\LoanApplication\LoanApplicationSpringBoot\target\classes started by SethuPathy in D:\LoanApplication\LoanApplicationSpringBoot)
2021-11-25 10:45:28,630 INFO com.loanApplication.Backend.LoanApplicationSpringBootApplication [restartedMain] No active profile set, falling back to default profiles: default
2021-11-25 10:45:31,196 INFO org.apache.catalina.core.StandardService [restartedMain] Starting service [Tomcat]
2021-11-25 10:45:31,198 INFO org.apache.catalina.core.StandardEngine [restartedMain] Starting Servlet engine: [Apache Tomcat/9.0.54]
2021-11-25 10:45:31,402 INFO org.apache.catalina.core.ContainerBase.[Tomcat].[localhost].[/] [restartedMain] Initializing Spring embedded WebApplicationContext
2021-11-25 10:45:31,437 INFO com.zaxxer.hikari.HikariDataSource [restartedMain] HikariPool-5 - Starting...
2021-11-25 10:45:31,468 INFO com.zaxxer.hikari.HikariDataSource [restartedMain] HikariPool-5 - Start completed.
2021-11-25 10:45:31,521 INFO org.hibernate.jpa.internal.util.LogHelper [restartedMain] HHH000204: Processing PersistenceUnitInfo [name: default]
2021-11-25 10:45:31,537 INFO org.hibernate.dialect.Dialect [restartedMain] HHH000400: Using dialect: org.hibernate.dialect.H2Dialect
2021-11-25 10:45:31,734 INFO org.hibernate.engine.transaction.jta.platform.internal.JtaPlatformInitiator [restartedMain] HHH000490: Using JtaPlatform implementation: [org.hibernate.engine.transaction.jta.platform.internal.NoJtaPlatform]
2021-11-25 10:45:32,775 INFO com.loanApplication.Backend.LoanApplicationSpringBootApplication [restartedMain] Started LoanApplicationSpringBootApplication in 5.87 seconds (JVM running for 3614.088)
2021-11-25 10:45:34,044 INFO org.hibernate.tool.schema.internal.SchemaDropperImpl$DelayedDropActionImpl [Thread-20] HHH000477: Starting delayed evictData of schema as part of SessionFactory shut-down'
2021-11-25 10:45:34,259 INFO com.zaxxer.hikari.HikariDataSource [Thread-20] HikariPool-5 - Shutdown initiated...
2021-11-25 10:45:34,261 INFO com.zaxxer.hikari.HikariDataSource [Thread-20] HikariPool-5 - Shutdown completed.
2021-11-25 10:45:34,572 INFO com.loanApplication.Backend.LoanApplicationSpringBootApplication [restartedMain] Starting LoanApplicationSpringBootApplication using Java 16.0.2 on DESKTOP-Q67PQM3 with PID 11224 (D:\LoanApplication\LoanApplicationSpringBoot\target\classes started by SethuPathy in D:\LoanApplication\LoanApplicationSpringBoot)
2021-11-25 10:45:34,572 INFO com.loanApplication.Backend.LoanApplicationSpringBootApplication [restartedMain] No active profile set, falling back to default profiles: default
2021-11-25 10:45:36,127 INFO org.apache.catalina.core.StandardService [restartedMain] Starting service [Tomcat]
2021-11-25 10:45:36,127 INFO org.apache.catalina.core.StandardEngine [restartedMain] Starting Servlet engine: [Apache Tomcat/9.0.54]
2021-11-25 10:45:36,216 INFO org.apache.catalina.core.ContainerBase.[Tomcat].[localhost].[/] [restartedMain] Initializing Spring embedded WebApplicationContext
2021-11-25 10:45:36,244 INFO com.zaxxer.hikari.HikariDataSource [restartedMain] HikariPool-6 - Starting...
2021-11-25 10:45:36,250 INFO com.zaxxer.hikari.HikariDataSource [restartedMain] HikariPool-6 - Start completed.
2021-11-25 10:45:36,287 INFO org.hibernate.jpa.internal.util.LogHelper [restartedMain] HHH000204: Processing PersistenceUnitInfo [name: default]
2021-11-25 10:45:36,297 INFO org.hibernate.dialect.Dialect [restartedMain] HHH000400: Using dialect: org.hibernate.dialect.H2Dialect
2021-11-25 10:45:36,434 INFO org.hibernate.engine.transaction.jta.platform.internal.JtaPlatformInitiator [restartedMain] HHH000490: Using JtaPlatform implementation: [org.hibernate.engine.transaction.jta.platform.internal.NoJtaPlatform]
2021-11-25 10:45:36,889 INFO com.loanApplication.Backend.LoanApplicationSpringBootApplication [restartedMain] Started LoanApplicationSpringBootApplication in 2.434 seconds (JVM running for 3618.202)
2021-11-25 10:48:56,881 INFO org.hibernate.tool.schema.internal.SchemaDropperImpl$DelayedDropActionImpl [Thread-24] HHH000477: Starting delayed evictData of schema as part of SessionFactory shut-down'
2021-11-25 10:48:57,089 INFO com.zaxxer.hikari.HikariDataSource [Thread-24] HikariPool-6 - Shutdown initiated...
2021-11-25 10:48:57,092 INFO com.zaxxer.hikari.HikariDataSource [Thread-24] HikariPool-6 - Shutdown completed.
2021-11-25 10:48:57,675 INFO com.loanApplication.Backend.LoanApplicationSpringBootApplication [restartedMain] Starting LoanApplicationSpringBootApplication using Java 16.0.2 on DESKTOP-Q67PQM3 with PID 11224 (D:\LoanApplication\LoanApplicationSpringBoot\target\classes started by SethuPathy in D:\LoanApplication\LoanApplicationSpringBoot)
2021-11-25 10:48:57,675 INFO com.loanApplication.Backend.LoanApplicationSpringBootApplication [restartedMain] No active profile set, falling back to default profiles: default
2021-11-25 10:48:58,603 INFO org.apache.catalina.core.StandardService [restartedMain] Starting service [Tomcat]
2021-11-25 10:48:58,604 INFO org.apache.catalina.core.StandardEngine [restartedMain] Starting Servlet engine: [Apache Tomcat/9.0.54]
2021-11-25 10:48:58,742 INFO org.apache.catalina.core.ContainerBase.[Tomcat].[localhost].[/] [restartedMain] Initializing Spring embedded WebApplicationContext
2021-11-25 10:48:58,787 INFO com.zaxxer.hikari.HikariDataSource [restartedMain] HikariPool-7 - Starting...
2021-11-25 10:48:58,791 INFO com.zaxxer.hikari.HikariDataSource [restartedMain] HikariPool-7 - Start completed.
2021-11-25 10:48:58,900 INFO org.hibernate.jpa.internal.util.LogHelper [restartedMain] HHH000204: Processing PersistenceUnitInfo [name: default]
2021-11-25 10:48:58,913 INFO org.hibernate.dialect.Dialect [restartedMain] HHH000400: Using dialect: org.hibernate.dialect.H2Dialect
2021-11-25 10:48:59,150 INFO org.hibernate.engine.transaction.jta.platform.internal.JtaPlatformInitiator [restartedMain] HHH000490: Using JtaPlatform implementation: [org.hibernate.engine.transaction.jta.platform.internal.NoJtaPlatform]
2021-11-25 10:48:59,692 INFO com.loanApplication.Backend.LoanApplicationSpringBootApplication [restartedMain] Started LoanApplicationSpringBootApplication in 2.209 seconds (JVM running for 3821.004)
2021-11-25 10:49:54,870 INFO org.apache.catalina.core.ContainerBase.[Tomcat].[localhost].[/] [http-nio-8080-exec-9] Initializing Spring DispatcherServlet 'dispatcherServlet'
2021-11-25 10:50:50,998 INFO com.loanApplication.Backend.Services.LoanApplicationService [http-nio-8080-exec-6] Customer Details
2021-11-25 10:51:00,616 INFO com.loanApplication.Backend.Services.LoanApplicationService [http-nio-8080-exec-7] customer details
2021-11-25 10:51:15,795 ERROR org.apache.catalina.core.ContainerBase.[Tomcat].[localhost].[/].[dispatcherServlet] [http-nio-8080-exec-8] Servlet.service() for servlet [dispatcherServlet] in context with path [] threw exception [Request processing failed; nested exception is java.lang.NullPointerException: Cannot invoke "String.charAt(int)" because "paymentDate" is null] with root cause
java.lang.NullPointerException: Cannot invoke "String.charAt(int)" because "paymentDate" is null
	at com.loanApplication.Backend.Services.LoanApplicationService.convertDateFormat(LoanApplicationService.java:194) ~[classes/:na]
	at com.loanApplication.Backend.Services.LoanApplicationService.calculatePaymentDate(LoanApplicationService.java:186) ~[classes/:na]
	at com.loanApplication.Backend.Services.LoanApplicationService.createEvenPrincipalSchedule(LoanApplicationService.java:104) ~[classes/:na]
	at com.loanApplication.Backend.Services.LoanApplicationService.createPaymentSchedule(LoanApplicationService.java:93) ~[classes/:na]
	at com.loanApplication.Backend.Services.LoanApplicationService.saveLoan(LoanApplicationService.java:82) ~[classes/:na]
	at com.loanApplication.Backend.Controller.LoanApplicationController.saveLoan(LoanApplicationController.java:46) ~[classes/:na]
	at java.base/jdk.internal.reflect.NativeMethodAccessorImpl.invoke0(Native Method) ~[na:na]
	at java.base/jdk.internal.reflect.NativeMethodAccessorImpl.invoke(NativeMethodAccessorImpl.java:78) ~[na:na]
	at java.base/jdk.internal.reflect.DelegatingMethodAccessorImpl.invoke(DelegatingMethodAccessorImpl.java:43) ~[na:na]
	at java.base/java.lang.reflect.Method.invoke(Method.java:567) ~[na:na]
	at org.springframework.web.method.support.InvocableHandlerMethod.doInvoke(InvocableHandlerMethod.java:205) ~[spring-web-5.3.12.jar:5.3.12]
	at org.springframework.web.method.support.InvocableHandlerMethod.invokeForRequest(InvocableHandlerMethod.java:150) ~[spring-web-5.3.12.jar:5.3.12]
	at org.springframework.web.servlet.mvc.method.annotation.ServletInvocableHandlerMethod.invokeAndHandle(ServletInvocableHandlerMethod.java:117) ~[spring-webmvc-5.3.12.jar:5.3.12]
	at org.springframework.web.servlet.mvc.method.annotation.RequestMappingHandlerAdapter.invokeHandlerMethod(RequestMappingHandlerAdapter.java:895) ~[spring-webmvc-5.3.12.jar:5.3.12]
	at org.springframework.web.servlet.mvc.method.annotation.RequestMappingHandlerAdapter.handleInternal(RequestMappingHandlerAdapter.java:808) ~[spring-webmvc-5.3.12.jar:5.3.12]
	at org.springframework.web.servlet.mvc.method.AbstractHandlerMethodAdapter.handle(AbstractHandlerMethodAdapter.java:87) ~[spring-webmvc-5.3.12.jar:5.3.12]
	at org.springframework.web.servlet.DispatcherServlet.doDispatch(DispatcherServlet.java:1067) ~[spring-webmvc-5.3.12.jar:5.3.12]
	at org.springframework.web.servlet.DispatcherServlet.doService(DispatcherServlet.java:963) ~[spring-webmvc-5.3.12.jar:5.3.12]
	at org.springframework.web.servlet.FrameworkServlet.processRequest(FrameworkServlet.java:1006) ~[spring-webmvc-5.3.12.jar:5.3.12]
	at org.springframework.web.servlet.FrameworkServlet.doPost(FrameworkServlet.java:909) ~[spring-webmvc-5.3.12.jar:5.3.12]
	at javax.servlet.http.HttpServlet.service(HttpServlet.java:681) ~[tomcat-embed-core-9.0.54.jar:4.0.FR]
	at org.springframework.web.servlet.FrameworkServlet.service(FrameworkServlet.java:883) ~[spring-webmvc-5.3.12.jar:5.3.12]
	at javax.servlet.http.HttpServlet.service(HttpServlet.java:764) ~[tomcat-embed-core-9.0.54.jar:4.0.FR]
	at org.apache.catalina.core.ApplicationFilterChain.internalDoFilter(ApplicationFilterChain.java:227) ~[tomcat-embed-core-9.0.54.jar:9.0.54]
	at org.apache.catalina.core.ApplicationFilterChain.doFilter(ApplicationFilterChain.java:162) ~[tomcat-embed-core-9.0.54.jar:9.0.54]
	at org.apache.tomcat.websocket.server.WsFilter.doFilter(WsFilter.java:53) ~[tomcat-embed-websocket-9.0.54.jar:9.0.54]
	at org.apache.catalina.core.ApplicationFilterChain.internalDoFilter(ApplicationFilterChain.java:189) ~[tomcat-embed-core-9.0.54.jar:9.0.54]
	at org.apache.catalina.core.ApplicationFilterChain.doFilter(ApplicationFilterChain.java:162) ~[tomcat-embed-core-9.0.54.jar:9.0.54]
	at org.springframework.web.filter.RequestContextFilter.doFilterInternal(RequestContextFilter.java:100) ~[spring-web-5.3.12.jar:5.3.12]
	at org.springframework.web.filter.OncePerRequestFilter.doFilter(OncePerRequestFilter.java:119) ~[spring-web-5.3.12.jar:5.3.12]
	at org.apache.catalina.core.ApplicationFilterChain.internalDoFilter(ApplicationFilterChain.java:189) ~[tomcat-embed-core-9.0.54.jar:9.0.54]
	at org.apache.catalina.core.ApplicationFilterChain.doFilter(ApplicationFilterChain.java:162) ~[tomcat-embed-core-9.0.54.jar:9.0.54]
	at org.springframework.web.filter.FormContentFilter.doFilterInternal(FormContentFilter.java:93) ~[spring-web-5.3.12.jar:5.3.12]
	at org.springframework.web.filter.OncePerRequestFilter.doFilter(OncePerRequestFilter.java:119) ~[spring-web-5.3.12.jar:5.3.12]
	at org.apache.catalina.core.ApplicationFilterChain.internalDoFilter(ApplicationFilterChain.java:189) ~[tomcat-embed-core-9.0.54.jar:9.0.54]
	at org.apache.catalina.core.ApplicationFilterChain.doFilter(ApplicationFilterChain.java:162) ~[tomcat-embed-core-9.0.54.jar:9.0.54]
	at org.springframework.web.filter.CharacterEncodingFilter.doFilterInternal(CharacterEncodingFilter.java:201) ~[spring-web-5.3.12.jar:5.3.12]
	at org.springframework.web.filter.OncePerRequestFilter.doFilter(OncePerRequestFilter.java:119) ~[spring-web-5.3.12.jar:5.3.12]
	at org.apache.catalina.core.ApplicationFilterChain.internalDoFilter(ApplicationFilterChain.java:189) ~[tomcat-embed-core-9.0.54.jar:9.0.54]
	at org.apache.catalina.core.ApplicationFilterChain.doFilter(ApplicationFilterChain.java:162) ~[tomcat-embed-core-9.0.54.jar:9.0.54]
	at org.apache.catalina.core.StandardWrapperValve.invoke(StandardWrapperValve.java:197) ~[tomcat-embed-core-9.0.54.jar:9.0.54]
	at org.apache.catalina.core.StandardContextValve.invoke(StandardContextValve.java:97) ~[tomcat-embed-core-9.0.54.jar:9.0.54]
	at org.apache.catalina.authenticator.AuthenticatorBase.invoke(AuthenticatorBase.java:540) ~[tomcat-embed-core-9.0.54.jar:9.0.54]
	at org.apache.catalina.core.StandardHostValve.invoke(StandardHostValve.java:135) ~[tomcat-embed-core-9.0.54.jar:9.0.54]
	at org.apache.catalina.valves.ErrorReportValve.invoke(ErrorReportValve.java:92) ~[tomcat-embed-core-9.0.54.jar:9.0.54]
	at org.apache.catalina.core.StandardEngineValve.invoke(StandardEngineValve.java:78) ~[tomcat-embed-core-9.0.54.jar:9.0.54]
	at org.apache.catalina.connector.CoyoteAdapter.service(CoyoteAdapter.java:357) ~[tomcat-embed-core-9.0.54.jar:9.0.54]
	at org.apache.coyote.http11.Http11Processor.service(Http11Processor.java:382) ~[tomcat-embed-core-9.0.54.jar:9.0.54]
	at org.apache.coyote.AbstractProcessorLight.process(AbstractProcessorLight.java:65) ~[tomcat-embed-core-9.0.54.jar:9.0.54]
	at org.apache.coyote.AbstractProtocol$ConnectionHandler.process(AbstractProtocol.java:895) ~[tomcat-embed-core-9.0.54.jar:9.0.54]
	at org.apache.tomcat.util.net.NioEndpoint$SocketProcessor.doRun(NioEndpoint.java:1722) ~[tomcat-embed-core-9.0.54.jar:9.0.54]
	at org.apache.tomcat.util.net.SocketProcessorBase.run(SocketProcessorBase.java:49) ~[tomcat-embed-core-9.0.54.jar:9.0.54]
	at org.apache.tomcat.util.threads.ThreadPoolExecutor.runWorker(ThreadPoolExecutor.java:1191) ~[tomcat-embed-core-9.0.54.jar:9.0.54]
	at org.apache.tomcat.util.threads.ThreadPoolExecutor$Worker.run(ThreadPoolExecutor.java:659) ~[tomcat-embed-core-9.0.54.jar:9.0.54]
	at org.apache.tomcat.util.threads.TaskThread$WrappingRunnable.run(TaskThread.java:61) ~[tomcat-embed-core-9.0.54.jar:9.0.54]
	at java.base/java.lang.Thread.run(Thread.java:831) ~[na:na]
2021-11-25 10:53:26,622 ERROR org.apache.catalina.core.ContainerBase.[Tomcat].[localhost].[/].[dispatcherServlet] [http-nio-8080-exec-10] Servlet.service() for servlet [dispatcherServlet] in context with path [] threw exception [Request processing failed; nested exception is java.lang.NullPointerException: Cannot invoke "String.charAt(int)" because "paymentDate" is null] with root cause
java.lang.NullPointerException: Cannot invoke "String.charAt(int)" because "paymentDate" is null
	at com.loanApplication.Backend.Services.LoanApplicationService.convertDateFormat(LoanApplicationService.java:194) ~[classes/:na]
	at com.loanApplication.Backend.Services.LoanApplicationService.calculatePaymentDate(LoanApplicationService.java:186) ~[classes/:na]
	at com.loanApplication.Backend.Services.LoanApplicationService.createEvenPrincipalSchedule(LoanApplicationService.java:104) ~[classes/:na]
	at com.loanApplication.Backend.Services.LoanApplicationService.createPaymentSchedule(LoanApplicationService.java:93) ~[classes/:na]
	at com.loanApplication.Backend.Services.LoanApplicationService.saveLoan(LoanApplicationService.java:82) ~[classes/:na]
	at com.loanApplication.Backend.Controller.LoanApplicationController.saveLoan(LoanApplicationController.java:46) ~[classes/:na]
	at java.base/jdk.internal.reflect.NativeMethodAccessorImpl.invoke0(Native Method) ~[na:na]
	at java.base/jdk.internal.reflect.NativeMethodAccessorImpl.invoke(NativeMethodAccessorImpl.java:78) ~[na:na]
	at java.base/jdk.internal.reflect.DelegatingMethodAccessorImpl.invoke(DelegatingMethodAccessorImpl.java:43) ~[na:na]
	at java.base/java.lang.reflect.Method.invoke(Method.java:567) ~[na:na]
	at org.springframework.web.method.support.InvocableHandlerMethod.doInvoke(InvocableHandlerMethod.java:205) ~[spring-web-5.3.12.jar:5.3.12]
	at org.springframework.web.method.support.InvocableHandlerMethod.invokeForRequest(InvocableHandlerMethod.java:150) ~[spring-web-5.3.12.jar:5.3.12]
	at org.springframework.web.servlet.mvc.method.annotation.ServletInvocableHandlerMethod.invokeAndHandle(ServletInvocableHandlerMethod.java:117) ~[spring-webmvc-5.3.12.jar:5.3.12]
	at org.springframework.web.servlet.mvc.method.annotation.RequestMappingHandlerAdapter.invokeHandlerMethod(RequestMappingHandlerAdapter.java:895) ~[spring-webmvc-5.3.12.jar:5.3.12]
	at org.springframework.web.servlet.mvc.method.annotation.RequestMappingHandlerAdapter.handleInternal(RequestMappingHandlerAdapter.java:808) ~[spring-webmvc-5.3.12.jar:5.3.12]
	at org.springframework.web.servlet.mvc.method.AbstractHandlerMethodAdapter.handle(AbstractHandlerMethodAdapter.java:87) ~[spring-webmvc-5.3.12.jar:5.3.12]
	at org.springframework.web.servlet.DispatcherServlet.doDispatch(DispatcherServlet.java:1067) ~[spring-webmvc-5.3.12.jar:5.3.12]
	at org.springframework.web.servlet.DispatcherServlet.doService(DispatcherServlet.java:963) ~[spring-webmvc-5.3.12.jar:5.3.12]
	at org.springframework.web.servlet.FrameworkServlet.processRequest(FrameworkServlet.java:1006) ~[spring-webmvc-5.3.12.jar:5.3.12]
	at org.springframework.web.servlet.FrameworkServlet.doPost(FrameworkServlet.java:909) ~[spring-webmvc-5.3.12.jar:5.3.12]
	at javax.servlet.http.HttpServlet.service(HttpServlet.java:681) ~[tomcat-embed-core-9.0.54.jar:4.0.FR]
	at org.springframework.web.servlet.FrameworkServlet.service(FrameworkServlet.java:883) ~[spring-webmvc-5.3.12.jar:5.3.12]
	at javax.servlet.http.HttpServlet.service(HttpServlet.java:764) ~[tomcat-embed-core-9.0.54.jar:4.0.FR]
	at org.apache.catalina.core.ApplicationFilterChain.internalDoFilter(ApplicationFilterChain.java:227) ~[tomcat-embed-core-9.0.54.jar:9.0.54]
	at org.apache.catalina.core.ApplicationFilterChain.doFilter(ApplicationFilterChain.java:162) ~[tomcat-embed-core-9.0.54.jar:9.0.54]
	at org.apache.tomcat.websocket.server.WsFilter.doFilter(WsFilter.java:53) ~[tomcat-embed-websocket-9.0.54.jar:9.0.54]
	at org.apache.catalina.core.ApplicationFilterChain.internalDoFilter(ApplicationFilterChain.java:189) ~[tomcat-embed-core-9.0.54.jar:9.0.54]
	at org.apache.catalina.core.ApplicationFilterChain.doFilter(ApplicationFilterChain.java:162) ~[tomcat-embed-core-9.0.54.jar:9.0.54]
	at org.springframework.web.filter.RequestContextFilter.doFilterInternal(RequestContextFilter.java:100) ~[spring-web-5.3.12.jar:5.3.12]
	at org.springframework.web.filter.OncePerRequestFilter.doFilter(OncePerRequestFilter.java:119) ~[spring-web-5.3.12.jar:5.3.12]
	at org.apache.catalina.core.ApplicationFilterChain.internalDoFilter(ApplicationFilterChain.java:189) ~[tomcat-embed-core-9.0.54.jar:9.0.54]
	at org.apache.catalina.core.ApplicationFilterChain.doFilter(ApplicationFilterChain.java:162) ~[tomcat-embed-core-9.0.54.jar:9.0.54]
	at org.springframework.web.filter.FormContentFilter.doFilterInternal(FormContentFilter.java:93) ~[spring-web-5.3.12.jar:5.3.12]
	at org.springframework.web.filter.OncePerRequestFilter.doFilter(OncePerRequestFilter.java:119) ~[spring-web-5.3.12.jar:5.3.12]
	at org.apache.catalina.core.ApplicationFilterChain.internalDoFilter(ApplicationFilterChain.java:189) ~[tomcat-embed-core-9.0.54.jar:9.0.54]
	at org.apache.catalina.core.ApplicationFilterChain.doFilter(ApplicationFilterChain.java:162) ~[tomcat-embed-core-9.0.54.jar:9.0.54]
	at org.springframework.web.filter.CharacterEncodingFilter.doFilterInternal(CharacterEncodingFilter.java:201) ~[spring-web-5.3.12.jar:5.3.12]
	at org.springframework.web.filter.OncePerRequestFilter.doFilter(OncePerRequestFilter.java:119) ~[spring-web-5.3.12.jar:5.3.12]
	at org.apache.catalina.core.ApplicationFilterChain.internalDoFilter(ApplicationFilterChain.java:189) ~[tomcat-embed-core-9.0.54.jar:9.0.54]
	at org.apache.catalina.core.ApplicationFilterChain.doFilter(ApplicationFilterChain.java:162) ~[tomcat-embed-core-9.0.54.jar:9.0.54]
	at org.apache.catalina.core.StandardWrapperValve.invoke(StandardWrapperValve.java:197) ~[tomcat-embed-core-9.0.54.jar:9.0.54]
	at org.apache.catalina.core.StandardContextValve.invoke(StandardContextValve.java:97) ~[tomcat-embed-core-9.0.54.jar:9.0.54]
	at org.apache.catalina.authenticator.AuthenticatorBase.invoke(AuthenticatorBase.java:540) ~[tomcat-embed-core-9.0.54.jar:9.0.54]
	at org.apache.catalina.core.StandardHostValve.invoke(StandardHostValve.java:135) ~[tomcat-embed-core-9.0.54.jar:9.0.54]
	at org.apache.catalina.valves.ErrorReportValve.invoke(ErrorReportValve.java:92) ~[tomcat-embed-core-9.0.54.jar:9.0.54]
	at org.apache.catalina.core.StandardEngineValve.invoke(StandardEngineValve.java:78) ~[tomcat-embed-core-9.0.54.jar:9.0.54]
	at org.apache.catalina.connector.CoyoteAdapter.service(CoyoteAdapter.java:357) ~[tomcat-embed-core-9.0.54.jar:9.0.54]
	at org.apache.coyote.http11.Http11Processor.service(Http11Processor.java:382) ~[tomcat-embed-core-9.0.54.jar:9.0.54]
	at org.apache.coyote.AbstractProcessorLight.process(AbstractProcessorLight.java:65) ~[tomcat-embed-core-9.0.54.jar:9.0.54]
	at org.apache.coyote.AbstractProtocol$ConnectionHandler.process(AbstractProtocol.java:895) ~[tomcat-embed-core-9.0.54.jar:9.0.54]
	at org.apache.tomcat.util.net.NioEndpoint$SocketProcessor.doRun(NioEndpoint.java:1722) ~[tomcat-embed-core-9.0.54.jar:9.0.54]
	at org.apache.tomcat.util.net.SocketProcessorBase.run(SocketProcessorBase.java:49) ~[tomcat-embed-core-9.0.54.jar:9.0.54]
	at org.apache.tomcat.util.threads.ThreadPoolExecutor.runWorker(ThreadPoolExecutor.java:1191) ~[tomcat-embed-core-9.0.54.jar:9.0.54]
	at org.apache.tomcat.util.threads.ThreadPoolExecutor$Worker.run(ThreadPoolExecutor.java:659) ~[tomcat-embed-core-9.0.54.jar:9.0.54]
	at org.apache.tomcat.util.threads.TaskThread$WrappingRunnable.run(TaskThread.java:61) ~[tomcat-embed-core-9.0.54.jar:9.0.54]
	at java.base/java.lang.Thread.run(Thread.java:831) ~[na:na]
2021-11-25 10:53:33,185 ERROR org.apache.catalina.core.ContainerBase.[Tomcat].[localhost].[/].[dispatcherServlet] [http-nio-8080-exec-3] Servlet.service() for servlet [dispatcherServlet] in context with path [] threw exception [Request processing failed; nested exception is java.lang.NullPointerException: Cannot invoke "String.charAt(int)" because "paymentDate" is null] with root cause
java.lang.NullPointerException: Cannot invoke "String.charAt(int)" because "paymentDate" is null
	at com.loanApplication.Backend.Services.LoanApplicationService.convertDateFormat(LoanApplicationService.java:194) ~[classes/:na]
	at com.loanApplication.Backend.Services.LoanApplicationService.calculatePaymentDate(LoanApplicationService.java:186) ~[classes/:na]
	at com.loanApplication.Backend.Services.LoanApplicationService.createEvenPrincipalSchedule(LoanApplicationService.java:104) ~[classes/:na]
	at com.loanApplication.Backend.Services.LoanApplicationService.createPaymentSchedule(LoanApplicationService.java:93) ~[classes/:na]
	at com.loanApplication.Backend.Services.LoanApplicationService.saveLoan(LoanApplicationService.java:82) ~[classes/:na]
	at com.loanApplication.Backend.Controller.LoanApplicationController.saveLoan(LoanApplicationController.java:46) ~[classes/:na]
	at java.base/jdk.internal.reflect.NativeMethodAccessorImpl.invoke0(Native Method) ~[na:na]
	at java.base/jdk.internal.reflect.NativeMethodAccessorImpl.invoke(NativeMethodAccessorImpl.java:78) ~[na:na]
	at java.base/jdk.internal.reflect.DelegatingMethodAccessorImpl.invoke(DelegatingMethodAccessorImpl.java:43) ~[na:na]
	at java.base/java.lang.reflect.Method.invoke(Method.java:567) ~[na:na]
	at org.springframework.web.method.support.InvocableHandlerMethod.doInvoke(InvocableHandlerMethod.java:205) ~[spring-web-5.3.12.jar:5.3.12]
	at org.springframework.web.method.support.InvocableHandlerMethod.invokeForRequest(InvocableHandlerMethod.java:150) ~[spring-web-5.3.12.jar:5.3.12]
	at org.springframework.web.servlet.mvc.method.annotation.ServletInvocableHandlerMethod.invokeAndHandle(ServletInvocableHandlerMethod.java:117) ~[spring-webmvc-5.3.12.jar:5.3.12]
	at org.springframework.web.servlet.mvc.method.annotation.RequestMappingHandlerAdapter.invokeHandlerMethod(RequestMappingHandlerAdapter.java:895) ~[spring-webmvc-5.3.12.jar:5.3.12]
	at org.springframework.web.servlet.mvc.method.annotation.RequestMappingHandlerAdapter.handleInternal(RequestMappingHandlerAdapter.java:808) ~[spring-webmvc-5.3.12.jar:5.3.12]
	at org.springframework.web.servlet.mvc.method.AbstractHandlerMethodAdapter.handle(AbstractHandlerMethodAdapter.java:87) ~[spring-webmvc-5.3.12.jar:5.3.12]
	at org.springframework.web.servlet.DispatcherServlet.doDispatch(DispatcherServlet.java:1067) ~[spring-webmvc-5.3.12.jar:5.3.12]
	at org.springframework.web.servlet.DispatcherServlet.doService(DispatcherServlet.java:963) ~[spring-webmvc-5.3.12.jar:5.3.12]
	at org.springframework.web.servlet.FrameworkServlet.processRequest(FrameworkServlet.java:1006) ~[spring-webmvc-5.3.12.jar:5.3.12]
	at org.springframework.web.servlet.FrameworkServlet.doPost(FrameworkServlet.java:909) ~[spring-webmvc-5.3.12.jar:5.3.12]
	at javax.servlet.http.HttpServlet.service(HttpServlet.java:681) ~[tomcat-embed-core-9.0.54.jar:4.0.FR]
	at org.springframework.web.servlet.FrameworkServlet.service(FrameworkServlet.java:883) ~[spring-webmvc-5.3.12.jar:5.3.12]
	at javax.servlet.http.HttpServlet.service(HttpServlet.java:764) ~[tomcat-embed-core-9.0.54.jar:4.0.FR]
	at org.apache.catalina.core.ApplicationFilterChain.internalDoFilter(ApplicationFilterChain.java:227) ~[tomcat-embed-core-9.0.54.jar:9.0.54]
	at org.apache.catalina.core.ApplicationFilterChain.doFilter(ApplicationFilterChain.java:162) ~[tomcat-embed-core-9.0.54.jar:9.0.54]
	at org.apache.tomcat.websocket.server.WsFilter.doFilter(WsFilter.java:53) ~[tomcat-embed-websocket-9.0.54.jar:9.0.54]
	at org.apache.catalina.core.ApplicationFilterChain.internalDoFilter(ApplicationFilterChain.java:189) ~[tomcat-embed-core-9.0.54.jar:9.0.54]
	at org.apache.catalina.core.ApplicationFilterChain.doFilter(ApplicationFilterChain.java:162) ~[tomcat-embed-core-9.0.54.jar:9.0.54]
	at org.springframework.web.filter.RequestContextFilter.doFilterInternal(RequestContextFilter.java:100) ~[spring-web-5.3.12.jar:5.3.12]
	at org.springframework.web.filter.OncePerRequestFilter.doFilter(OncePerRequestFilter.java:119) ~[spring-web-5.3.12.jar:5.3.12]
	at org.apache.catalina.core.ApplicationFilterChain.internalDoFilter(ApplicationFilterChain.java:189) ~[tomcat-embed-core-9.0.54.jar:9.0.54]
	at org.apache.catalina.core.ApplicationFilterChain.doFilter(ApplicationFilterChain.java:162) ~[tomcat-embed-core-9.0.54.jar:9.0.54]
	at org.springframework.web.filter.FormContentFilter.doFilterInternal(FormContentFilter.java:93) ~[spring-web-5.3.12.jar:5.3.12]
	at org.springframework.web.filter.OncePerRequestFilter.doFilter(OncePerRequestFilter.java:119) ~[spring-web-5.3.12.jar:5.3.12]
	at org.apache.catalina.core.ApplicationFilterChain.internalDoFilter(ApplicationFilterChain.java:189) ~[tomcat-embed-core-9.0.54.jar:9.0.54]
	at org.apache.catalina.core.ApplicationFilterChain.doFilter(ApplicationFilterChain.java:162) ~[tomcat-embed-core-9.0.54.jar:9.0.54]
	at org.springframework.web.filter.CharacterEncodingFilter.doFilterInternal(CharacterEncodingFilter.java:201) ~[spring-web-5.3.12.jar:5.3.12]
	at org.springframework.web.filter.OncePerRequestFilter.doFilter(OncePerRequestFilter.java:119) ~[spring-web-5.3.12.jar:5.3.12]
	at org.apache.catalina.core.ApplicationFilterChain.internalDoFilter(ApplicationFilterChain.java:189) ~[tomcat-embed-core-9.0.54.jar:9.0.54]
	at org.apache.catalina.core.ApplicationFilterChain.doFilter(ApplicationFilterChain.java:162) ~[tomcat-embed-core-9.0.54.jar:9.0.54]
	at org.apache.catalina.core.StandardWrapperValve.invoke(StandardWrapperValve.java:197) ~[tomcat-embed-core-9.0.54.jar:9.0.54]
	at org.apache.catalina.core.StandardContextValve.invoke(StandardContextValve.java:97) ~[tomcat-embed-core-9.0.54.jar:9.0.54]
	at org.apache.catalina.authenticator.AuthenticatorBase.invoke(AuthenticatorBase.java:540) ~[tomcat-embed-core-9.0.54.jar:9.0.54]
	at org.apache.catalina.core.StandardHostValve.invoke(StandardHostValve.java:135) ~[tomcat-embed-core-9.0.54.jar:9.0.54]
	at org.apache.catalina.valves.ErrorReportValve.invoke(ErrorReportValve.java:92) ~[tomcat-embed-core-9.0.54.jar:9.0.54]
	at org.apache.catalina.core.StandardEngineValve.invoke(StandardEngineValve.java:78) ~[tomcat-embed-core-9.0.54.jar:9.0.54]
	at org.apache.catalina.connector.CoyoteAdapter.service(CoyoteAdapter.java:357) ~[tomcat-embed-core-9.0.54.jar:9.0.54]
	at org.apache.coyote.http11.Http11Processor.service(Http11Processor.java:382) ~[tomcat-embed-core-9.0.54.jar:9.0.54]
	at org.apache.coyote.AbstractProcessorLight.process(AbstractProcessorLight.java:65) ~[tomcat-embed-core-9.0.54.jar:9.0.54]
	at org.apache.coyote.AbstractProtocol$ConnectionHandler.process(AbstractProtocol.java:895) ~[tomcat-embed-core-9.0.54.jar:9.0.54]
	at org.apache.tomcat.util.net.NioEndpoint$SocketProcessor.doRun(NioEndpoint.java:1722) ~[tomcat-embed-core-9.0.54.jar:9.0.54]
	at org.apache.tomcat.util.net.SocketProcessorBase.run(SocketProcessorBase.java:49) ~[tomcat-embed-core-9.0.54.jar:9.0.54]
	at org.apache.tomcat.util.threads.ThreadPoolExecutor.runWorker(ThreadPoolExecutor.java:1191) ~[tomcat-embed-core-9.0.54.jar:9.0.54]
	at org.apache.tomcat.util.threads.ThreadPoolExecutor$Worker.run(ThreadPoolExecutor.java:659) ~[tomcat-embed-core-9.0.54.jar:9.0.54]
	at org.apache.tomcat.util.threads.TaskThread$WrappingRunnable.run(TaskThread.java:61) ~[tomcat-embed-core-9.0.54.jar:9.0.54]
	at java.base/java.lang.Thread.run(Thread.java:831) ~[na:na]
2021-11-25 10:53:50,623 ERROR org.apache.catalina.core.ContainerBase.[Tomcat].[localhost].[/].[dispatcherServlet] [http-nio-8080-exec-4] Servlet.service() for servlet [dispatcherServlet] in context with path [] threw exception [Request processing failed; nested exception is java.lang.NullPointerException: Cannot invoke "String.charAt(int)" because "paymentDate" is null] with root cause
java.lang.NullPointerException: Cannot invoke "String.charAt(int)" because "paymentDate" is null
	at com.loanApplication.Backend.Services.LoanApplicationService.convertDateFormat(LoanApplicationService.java:194) ~[classes/:na]
	at com.loanApplication.Backend.Services.LoanApplicationService.calculatePaymentDate(LoanApplicationService.java:186) ~[classes/:na]
	at com.loanApplication.Backend.Services.LoanApplicationService.createEvenPrincipalSchedule(LoanApplicationService.java:104) ~[classes/:na]
	at com.loanApplication.Backend.Services.LoanApplicationService.createPaymentSchedule(LoanApplicationService.java:93) ~[classes/:na]
	at com.loanApplication.Backend.Services.LoanApplicationService.saveLoan(LoanApplicationService.java:82) ~[classes/:na]
	at com.loanApplication.Backend.Controller.LoanApplicationController.saveLoan(LoanApplicationController.java:46) ~[classes/:na]
	at java.base/jdk.internal.reflect.NativeMethodAccessorImpl.invoke0(Native Method) ~[na:na]
	at java.base/jdk.internal.reflect.NativeMethodAccessorImpl.invoke(NativeMethodAccessorImpl.java:78) ~[na:na]
	at java.base/jdk.internal.reflect.DelegatingMethodAccessorImpl.invoke(DelegatingMethodAccessorImpl.java:43) ~[na:na]
	at java.base/java.lang.reflect.Method.invoke(Method.java:567) ~[na:na]
	at org.springframework.web.method.support.InvocableHandlerMethod.doInvoke(InvocableHandlerMethod.java:205) ~[spring-web-5.3.12.jar:5.3.12]
	at org.springframework.web.method.support.InvocableHandlerMethod.invokeForRequest(InvocableHandlerMethod.java:150) ~[spring-web-5.3.12.jar:5.3.12]
	at org.springframework.web.servlet.mvc.method.annotation.ServletInvocableHandlerMethod.invokeAndHandle(ServletInvocableHandlerMethod.java:117) ~[spring-webmvc-5.3.12.jar:5.3.12]
	at org.springframework.web.servlet.mvc.method.annotation.RequestMappingHandlerAdapter.invokeHandlerMethod(RequestMappingHandlerAdapter.java:895) ~[spring-webmvc-5.3.12.jar:5.3.12]
	at org.springframework.web.servlet.mvc.method.annotation.RequestMappingHandlerAdapter.handleInternal(RequestMappingHandlerAdapter.java:808) ~[spring-webmvc-5.3.12.jar:5.3.12]
	at org.springframework.web.servlet.mvc.method.AbstractHandlerMethodAdapter.handle(AbstractHandlerMethodAdapter.java:87) ~[spring-webmvc-5.3.12.jar:5.3.12]
	at org.springframework.web.servlet.DispatcherServlet.doDispatch(DispatcherServlet.java:1067) ~[spring-webmvc-5.3.12.jar:5.3.12]
	at org.springframework.web.servlet.DispatcherServlet.doService(DispatcherServlet.java:963) ~[spring-webmvc-5.3.12.jar:5.3.12]
	at org.springframework.web.servlet.FrameworkServlet.processRequest(FrameworkServlet.java:1006) ~[spring-webmvc-5.3.12.jar:5.3.12]
	at org.springframework.web.servlet.FrameworkServlet.doPost(FrameworkServlet.java:909) ~[spring-webmvc-5.3.12.jar:5.3.12]
	at javax.servlet.http.HttpServlet.service(HttpServlet.java:681) ~[tomcat-embed-core-9.0.54.jar:4.0.FR]
	at org.springframework.web.servlet.FrameworkServlet.service(FrameworkServlet.java:883) ~[spring-webmvc-5.3.12.jar:5.3.12]
	at javax.servlet.http.HttpServlet.service(HttpServlet.java:764) ~[tomcat-embed-core-9.0.54.jar:4.0.FR]
	at org.apache.catalina.core.ApplicationFilterChain.internalDoFilter(ApplicationFilterChain.java:227) ~[tomcat-embed-core-9.0.54.jar:9.0.54]
	at org.apache.catalina.core.ApplicationFilterChain.doFilter(ApplicationFilterChain.java:162) ~[tomcat-embed-core-9.0.54.jar:9.0.54]
	at org.apache.tomcat.websocket.server.WsFilter.doFilter(WsFilter.java:53) ~[tomcat-embed-websocket-9.0.54.jar:9.0.54]
	at org.apache.catalina.core.ApplicationFilterChain.internalDoFilter(ApplicationFilterChain.java:189) ~[tomcat-embed-core-9.0.54.jar:9.0.54]
	at org.apache.catalina.core.ApplicationFilterChain.doFilter(ApplicationFilterChain.java:162) ~[tomcat-embed-core-9.0.54.jar:9.0.54]
	at org.springframework.web.filter.RequestContextFilter.doFilterInternal(RequestContextFilter.java:100) ~[spring-web-5.3.12.jar:5.3.12]
	at org.springframework.web.filter.OncePerRequestFilter.doFilter(OncePerRequestFilter.java:119) ~[spring-web-5.3.12.jar:5.3.12]
	at org.apache.catalina.core.ApplicationFilterChain.internalDoFilter(ApplicationFilterChain.java:189) ~[tomcat-embed-core-9.0.54.jar:9.0.54]
	at org.apache.catalina.core.ApplicationFilterChain.doFilter(ApplicationFilterChain.java:162) ~[tomcat-embed-core-9.0.54.jar:9.0.54]
	at org.springframework.web.filter.FormContentFilter.doFilterInternal(FormContentFilter.java:93) ~[spring-web-5.3.12.jar:5.3.12]
	at org.springframework.web.filter.OncePerRequestFilter.doFilter(OncePerRequestFilter.java:119) ~[spring-web-5.3.12.jar:5.3.12]
	at org.apache.catalina.core.ApplicationFilterChain.internalDoFilter(ApplicationFilterChain.java:189) ~[tomcat-embed-core-9.0.54.jar:9.0.54]
	at org.apache.catalina.core.ApplicationFilterChain.doFilter(ApplicationFilterChain.java:162) ~[tomcat-embed-core-9.0.54.jar:9.0.54]
	at org.springframework.web.filter.CharacterEncodingFilter.doFilterInternal(CharacterEncodingFilter.java:201) ~[spring-web-5.3.12.jar:5.3.12]
	at org.springframework.web.filter.OncePerRequestFilter.doFilter(OncePerRequestFilter.java:119) ~[spring-web-5.3.12.jar:5.3.12]
	at org.apache.catalina.core.ApplicationFilterChain.internalDoFilter(ApplicationFilterChain.java:189) ~[tomcat-embed-core-9.0.54.jar:9.0.54]
	at org.apache.catalina.core.ApplicationFilterChain.doFilter(ApplicationFilterChain.java:162) ~[tomcat-embed-core-9.0.54.jar:9.0.54]
	at org.apache.catalina.core.StandardWrapperValve.invoke(StandardWrapperValve.java:197) ~[tomcat-embed-core-9.0.54.jar:9.0.54]
	at org.apache.catalina.core.StandardContextValve.invoke(StandardContextValve.java:97) ~[tomcat-embed-core-9.0.54.jar:9.0.54]
	at org.apache.catalina.authenticator.AuthenticatorBase.invoke(AuthenticatorBase.java:540) ~[tomcat-embed-core-9.0.54.jar:9.0.54]
	at org.apache.catalina.core.StandardHostValve.invoke(StandardHostValve.java:135) ~[tomcat-embed-core-9.0.54.jar:9.0.54]
	at org.apache.catalina.valves.ErrorReportValve.invoke(ErrorReportValve.java:92) ~[tomcat-embed-core-9.0.54.jar:9.0.54]
	at org.apache.catalina.core.StandardEngineValve.invoke(StandardEngineValve.java:78) ~[tomcat-embed-core-9.0.54.jar:9.0.54]
	at org.apache.catalina.connector.CoyoteAdapter.service(CoyoteAdapter.java:357) ~[tomcat-embed-core-9.0.54.jar:9.0.54]
	at org.apache.coyote.http11.Http11Processor.service(Http11Processor.java:382) ~[tomcat-embed-core-9.0.54.jar:9.0.54]
	at org.apache.coyote.AbstractProcessorLight.process(AbstractProcessorLight.java:65) ~[tomcat-embed-core-9.0.54.jar:9.0.54]
	at org.apache.coyote.AbstractProtocol$ConnectionHandler.process(AbstractProtocol.java:895) ~[tomcat-embed-core-9.0.54.jar:9.0.54]
	at org.apache.tomcat.util.net.NioEndpoint$SocketProcessor.doRun(NioEndpoint.java:1722) ~[tomcat-embed-core-9.0.54.jar:9.0.54]
	at org.apache.tomcat.util.net.SocketProcessorBase.run(SocketProcessorBase.java:49) ~[tomcat-embed-core-9.0.54.jar:9.0.54]
	at org.apache.tomcat.util.threads.ThreadPoolExecutor.runWorker(ThreadPoolExecutor.java:1191) ~[tomcat-embed-core-9.0.54.jar:9.0.54]
	at org.apache.tomcat.util.threads.ThreadPoolExecutor$Worker.run(ThreadPoolExecutor.java:659) ~[tomcat-embed-core-9.0.54.jar:9.0.54]
	at org.apache.tomcat.util.threads.TaskThread$WrappingRunnable.run(TaskThread.java:61) ~[tomcat-embed-core-9.0.54.jar:9.0.54]
	at java.base/java.lang.Thread.run(Thread.java:831) ~[na:na]
2021-11-25 10:55:19,125 INFO com.loanApplication.Backend.Services.LoanApplicationService [http-nio-8080-exec-10] Customer Details
2021-11-25 10:55:41,620 INFO com.loanApplication.Backend.Services.LoanApplicationService [http-nio-8080-exec-1] Loan Applied
2021-11-25 10:55:41,799 INFO com.loanApplication.Backend.Services.LoanApplicationService [http-nio-8080-exec-4] Getting loan details for existing customer customerId07482461
2021-11-25 11:13:03,228 INFO com.loanApplication.Backend.Services.LoanApplicationService [http-nio-8080-exec-2] Getting loan details for existing customer undefined
2021-11-25 11:13:46,581 INFO com.loanApplication.Backend.Services.LoanApplicationService [http-nio-8080-exec-8] Customer Details
2021-11-25 11:15:43,526 INFO com.loanApplication.Backend.Services.LoanApplicationService [http-nio-8080-exec-10] Customer Details
2021-11-25 11:16:15,082 INFO com.loanApplication.Backend.Services.LoanApplicationService [http-nio-8080-exec-3] Loan Applied
2021-11-25 11:16:15,180 INFO com.loanApplication.Backend.Services.LoanApplicationService [http-nio-8080-exec-1] Getting loan details for existing customer customerId07482461
2021-11-25 11:16:24,315 INFO com.loanApplication.Backend.Services.LoanApplicationService [http-nio-8080-exec-5] Getting loan details for existing customer customerId07482461
2021-11-25 11:22:31,703 INFO com.loanApplication.Backend.Services.LoanApplicationService [http-nio-8080-exec-6] Getting loan details for existing customer undefined
2021-11-25 11:24:15,485 INFO com.loanApplication.Backend.Services.LoanApplicationService [http-nio-8080-exec-9] Getting loan details for existing customer undefined
2021-11-25 11:24:38,907 INFO com.loanApplication.Backend.Services.LoanApplicationService [http-nio-8080-exec-2] Getting loan details for existing customer undefined
2021-11-25 11:25:34,178 INFO com.loanApplication.Backend.Services.LoanApplicationService [http-nio-8080-exec-7] Getting loan details for existing customer undefined
2021-11-25 11:26:08,516 INFO com.loanApplication.Backend.Services.LoanApplicationService [http-nio-8080-exec-8] Getting loan details for existing customer undefined
2021-11-25 11:26:24,107 INFO com.loanApplication.Backend.Services.LoanApplicationService [http-nio-8080-exec-10] Getting loan details for existing customer undefined
2021-11-25 11:28:50,798 INFO com.loanApplication.Backend.Services.LoanApplicationService [http-nio-8080-exec-3] Getting loan details for existing customer undefined
2021-11-25 11:29:39,167 INFO com.loanApplication.Backend.Services.LoanApplicationService [http-nio-8080-exec-4] Getting loan details for existing customer undefined
2021-11-25 11:30:06,332 INFO com.loanApplication.Backend.Services.LoanApplicationService [http-nio-8080-exec-7] Getting loan details for existing customer undefined
2021-11-25 11:33:12,181 INFO com.loanApplication.Backend.Services.LoanApplicationService [http-nio-8080-exec-5] Customer Details
2021-11-25 11:33:17,736 INFO com.loanApplication.Backend.Services.LoanApplicationService [http-nio-8080-exec-10] Getting loan details for existing customer customerId07482461
2021-11-25 11:37:16,395 INFO com.loanApplication.Backend.Services.LoanApplicationService [http-nio-8080-exec-3] Customer Details
2021-11-25 11:37:46,097 INFO com.loanApplication.Backend.Services.LoanApplicationService [http-nio-8080-exec-8] Getting loan details for existing customer customerId07482461
2021-11-25 11:40:07,650 INFO com.loanApplication.Backend.Services.LoanApplicationService [http-nio-8080-exec-9] Getting loan details for existing customer undefined
2021-11-25 11:40:29,357 INFO com.loanApplication.Backend.Services.LoanApplicationService [http-nio-8080-exec-3] Customer Details
2021-11-25 11:40:35,424 INFO com.loanApplication.Backend.Services.LoanApplicationService [http-nio-8080-exec-5] Getting loan details for existing customer customerId07482461
